<?xml version="1.0" encoding="UTF-8"?>
<!-- Generated by org.testng.reporters.JUnitXMLReporter -->
<testsuite hostname="CaesarPalace" ignored="0" name="Surefire test" tests="8" failures="0" timestamp="2019-03-12T23:56:49 IST" time="8.102" errors="0">
  <testcase name="f22" time="4.009" classname="testngparallel.SecondNg"/>
  <testcase name="f1" time="4.012" classname="testngparallel.FirstNg"/>
  <testcase name="f1" time="4.014" classname="testngparallel.FirstNg"/>
  <testcase name="f22" time="4.011" classname="testngparallel.SecondNg"/>
  <testcase name="f22" time="4.003" classname="testngparallel.SecondNg"/>
  <testcase name="f1" time="4.006" classname="testngparallel.FirstNg"/>
  <testcase name="f1" time="4.003" classname="testngparallel.FirstNg"/>
  <testcase name="f22" time="4.002" classname="testngparallel.SecondNg"/>
</testsuite> <!-- Surefire test -->
